<?xml version="1.0" encoding="UTF-8"?>
<!-- Generated by org.testng.reporters.JUnitReportReporter -->
<testsuite skipped="0" hostname="Chrisys-MBP.hub" name="tradmeAPI.TrademeJsonEvaluate" tests="1" failures="0" timestamp="2021-12-18T21:27:24 NZDT" time="0.117" errors="0">
  <testcase name="JsonTestEvaluate" time="0.117" classname="tradmeAPI.TrademeJsonEvaluate"/>
  <system-out/>
</testsuite> <!-- tradmeAPI.TrademeJsonEvaluate -->
