<?xml version="1.0" encoding="UTF-8"?>
<!-- Generated by org.testng.reporters.JUnitReportReporter -->
<testsuite skipped="0" hostname="Chrisys-MBP.hub" name="tradmeAPI.UsedCarsList" tests="1" failures="0" timestamp="2021-12-19T23:55:45 NZDT" time="0.132" errors="0">
  <testcase name="JsonTestEvaluate" time="0.132" classname="tradmeAPI.UsedCarsList"/>
  <system-out/>
</testsuite> <!-- tradmeAPI.UsedCarsList -->
