<?xml version="1.0" encoding="UTF-8"?>
<!-- Generated by org.testng.reporters.JUnitReportReporter -->
<testsuite skipped="0" hostname="Chrisys-MBP.hub" name="APITest.UsedCarsList" tests="1" failures="0" timestamp="2021-12-20T00:09:54 NZDT" time="0.141" errors="0">
  <testcase name="JsonTestEvaluate" time="0.141" classname="APITest.UsedCarsList"/>
  <system-out/>
</testsuite> <!-- APITest.UsedCarsList -->
