<?xml version="1.0" encoding="UTF-8"?>
<!-- Generated by org.testng.reporters.JUnitReportReporter -->
<testsuite skipped="0" hostname="Chrisys-MBP.hub" name="API.GetAndPostExamples" tests="2" failures="0" timestamp="2021-12-20T00:02:42 NZDT" time="6.036" errors="0">
  <testcase name="apiTest" time="1.373" classname="API.GetAndPostExamples"/>
  <system-out/>
  <testcase name="TestPost" time="4.663" classname="API.GetAndPostExamples"/>
  <system-out/>
</testsuite> <!-- API.GetAndPostExamples -->
