<?xml version="1.0" encoding="UTF-8"?>
<!-- Generated by org.testng.reporters.JUnitReportReporter -->
<testsuite skipped="0" hostname="Chrisys-MBP.hub" name="API.demoTest" tests="1" failures="0" timestamp="2021-08-22T14:41:09 NZST" time="4.529" errors="0">
  <testcase name="TestPost" time="4.529" classname="API.demoTest"/>
  <system-out/>
</testsuite> <!-- API.demoTest -->
