<?xml version="1.0" encoding="UTF-8"?>
<!-- Generated by org.testng.reporters.JUnitReportReporter -->
<testsuite skipped="0" hostname="Chrisys-MBP.hub" name="tradmeAPI.ListofCharities" tests="1" failures="0" timestamp="2021-12-20T00:01:10 NZDT" time="0.094" errors="0">
  <testcase name="JsonTestEvaluate" time="0.094" classname="tradmeAPI.ListofCharities"/>
  <system-out/>
</testsuite> <!-- tradmeAPI.ListofCharities -->
