<?xml version="1.0" encoding="UTF-8"?>
<!-- Generated by org.testng.reporters.JUnitReportReporter -->
<testsuite skipped="0" hostname="Chrisys-MBP.hub" name="API.ListofCharities" tests="1" failures="0" timestamp="2021-12-20T00:05:10 NZDT" time="0.092" errors="0">
  <testcase name="JsonTestEvaluate" time="0.092" classname="API.ListofCharities"/>
  <system-out/>
</testsuite> <!-- API.ListofCharities -->
