<?xml version="1.0" encoding="UTF-8"?>
<!-- Generated by org.testng.reporters.JUnitReportReporter -->
<testsuite skipped="0" hostname="Chrisys-MacBook-Pro.local" name="tradmeAPI.ReadFile" tests="1" failures="0" timestamp="2021-12-18T14:52:41 NZDT" time="0.013" errors="0">
  <testcase name="test1" time="0.013" classname="tradmeAPI.ReadFile"/>
  <system-out/>
</testsuite> <!-- tradmeAPI.ReadFile -->
