<?xml version="1.0" encoding="UTF-8"?>
<!-- Generated by org.testng.reporters.JUnitReportReporter -->
<testsuite skipped="0" hostname="Chrisys-MBP.hub" name="APITest.ReadFile" tests="1" failures="0" timestamp="2021-12-20T00:08:45 NZDT" time="0.021" errors="0">
  <testcase name="test1" time="0.021" classname="APITest.ReadFile"/>
  <system-out/>
</testsuite> <!-- APITest.ReadFile -->
