<?xml version="1.0" encoding="UTF-8"?>
<!-- Generated by org.testng.reporters.JUnitReportReporter -->
<testsuite skipped="0" hostname="Chrisys-MBP.hub" name="API.UsedCarsList" tests="1" failures="0" timestamp="2021-12-20T00:05:31 NZDT" time="0.144" errors="0">
  <testcase name="JsonTestEvaluate" time="0.144" classname="API.UsedCarsList"/>
  <system-out/>
</testsuite> <!-- API.UsedCarsList -->
