<?xml version="1.0" encoding="UTF-8"?>
<!-- Generated by org.testng.reporters.JUnitReportReporter -->
<testsuite skipped="0" hostname="Chrisys-MBP.hub" name="APITest.ListofCharities" tests="1" failures="0" timestamp="2021-12-20T00:09:48 NZDT" time="0.100" errors="0">
  <testcase name="JsonTestEvaluate" time="0.100" classname="APITest.ListofCharities"/>
  <system-out/>
</testsuite> <!-- APITest.ListofCharities -->
