<?xml version="1.0" encoding="UTF-8"?>
<!-- Generated by org.testng.reporters.JUnitReportReporter -->
<testsuite skipped="0" hostname="Chrisys-MBP.hub" name="API.PutPatchAndDeleteExamples" tests="3" failures="0" timestamp="2021-08-22T18:03:13 NZST" time="5.623" errors="0">
  <testcase name="TestPatch" time="0.986" classname="API.PutPatchAndDeleteExamples"/>
  <system-out/>
  <testcase name="TestPut" time="0.821" classname="API.PutPatchAndDeleteExamples"/>
  <system-out/>
  <testcase name="TestDelete" time="3.816" classname="API.PutPatchAndDeleteExamples"/>
  <system-out/>
</testsuite> <!-- API.PutPatchAndDeleteExamples -->
